Explain
STAGE DEPENDENCIES:
"  Stage-15 is a root stage , consists of Stage-19, Stage-20, Stage-1"
  Stage-19 has a backup stage: Stage-1
  Stage-13 depends on stages: Stage-19
"  Stage-12 depends on stages: Stage-1, Stage-13, Stage-14 , consists of Stage-17, Stage-18, Stage-2"
  Stage-17 has a backup stage: Stage-2
  Stage-10 depends on stages: Stage-17
"  Stage-16 depends on stages: Stage-2, Stage-10, Stage-11"
  Stage-4 depends on stages: Stage-16
  Stage-5 depends on stages: Stage-4
  Stage-18 has a backup stage: Stage-2
  Stage-11 depends on stages: Stage-18
  Stage-2
  Stage-20 has a backup stage: Stage-1
  Stage-14 depends on stages: Stage-20
  Stage-1
  Stage-0 depends on stages: Stage-5
""
STAGE PLANS:
  Stage: Stage-15
    Conditional Operator
""
  Stage: Stage-19
    Map Reduce Local Work
      Alias -> Map Local Tables:
        $hdt$_0:$hdt$_0:$hdt$_1:p 
          Fetch Operator
            limit: -1
      Alias -> Map Local Operator Tree:
        $hdt$_0:$hdt$_0:$hdt$_1:p 
          TableScan
            alias: p
            Statistics: Num rows: 100000 Data size: 11347555 Basic stats: COMPLETE Column stats: NONE
            Filter Operator
              predicate: row_nbr is not null (type: boolean)
              Statistics: Num rows: 100000 Data size: 11347555 Basic stats: COMPLETE Column stats: NONE
              Select Operator
"                expressions: row_nbr (type: int), date_of_birth (type: date)"
"                outputColumnNames: _col0, _col1"
                Statistics: Num rows: 100000 Data size: 11347555 Basic stats: COMPLETE Column stats: NONE
                HashTable Sink Operator
                  keys:
                    0 _col0 (type: int)
                    1 _col0 (type: int)
""
  Stage: Stage-13
    Map Reduce
      Map Operator Tree:
          TableScan
            alias: c
            Statistics: Num rows: 100000 Data size: 17396322 Basic stats: COMPLETE Column stats: NONE
            Filter Operator
              predicate: (row_nbr is not null and company is not null) (type: boolean)
              Statistics: Num rows: 100000 Data size: 17396322 Basic stats: COMPLETE Column stats: NONE
              Select Operator
"                expressions: row_nbr (type: int), company (type: string), subscription_date (type: date), year_subs (type: string)"
"                outputColumnNames: _col0, _col1, _col2, _col3"
                Statistics: Num rows: 100000 Data size: 17396322 Basic stats: COMPLETE Column stats: NONE
                Map Join Operator
                  condition map:
                       Inner Join 0 to 1
                  keys:
                    0 _col0 (type: int)
                    1 _col0 (type: int)
"                  outputColumnNames: _col1, _col2, _col3, _col5"
                  Statistics: Num rows: 110000 Data size: 19135954 Basic stats: COMPLETE Column stats: NONE
                  File Output Operator
                    compressed: false
                    table:
                        input format: org.apache.hadoop.mapred.SequenceFileInputFormat
                        output format: org.apache.hadoop.hive.ql.io.HiveSequenceFileOutputFormat
                        serde: org.apache.hadoop.hive.serde2.lazybinary.LazyBinarySerDe
      Local Work:
        Map Reduce Local Work
""
  Stage: Stage-12
    Conditional Operator
""
  Stage: Stage-17
    Map Reduce Local Work
      Alias -> Map Local Tables:
        $hdt$_0:$hdt$_0:$hdt$_2:o 
          Fetch Operator
            limit: -1
      Alias -> Map Local Operator Tree:
        $hdt$_0:$hdt$_0:$hdt$_2:o 
          TableScan
            alias: o
            Statistics: Num rows: 100000 Data size: 13750447 Basic stats: COMPLETE Column stats: NONE
            Filter Operator
              predicate: name is not null (type: boolean)
              Statistics: Num rows: 100000 Data size: 13750447 Basic stats: COMPLETE Column stats: NONE
              Select Operator
                expressions: name (type: string)
                outputColumnNames: _col0
                Statistics: Num rows: 100000 Data size: 13750447 Basic stats: COMPLETE Column stats: NONE
                HashTable Sink Operator
                  keys:
                    0 _col1 (type: string)
                    1 _col0 (type: string)
""
  Stage: Stage-10
    Map Reduce
      Map Operator Tree:
          TableScan
            Map Join Operator
              condition map:
                   Inner Join 0 to 1
              keys:
                0 _col1 (type: string)
                1 _col0 (type: string)
"              outputColumnNames: _col2, _col3, _col5, _col6"
              Statistics: Num rows: 121000 Data size: 21049549 Basic stats: COMPLETE Column stats: NONE
              Select Operator
"                expressions: _col6 (type: string), _col3 (type: string), (UDFToInteger(months_between(_col2, _col5)) div 12) (type: bigint)"
"                outputColumnNames: _col0, _col1, _col2"
                Statistics: Num rows: 121000 Data size: 21049549 Basic stats: COMPLETE Column stats: NONE
                File Output Operator
                  compressed: false
                  table:
                      input format: org.apache.hadoop.mapred.SequenceFileInputFormat
                      output format: org.apache.hadoop.hive.ql.io.HiveSequenceFileOutputFormat
                      serde: org.apache.hadoop.hive.serde2.lazybinary.LazyBinarySerDe
      Local Work:
        Map Reduce Local Work
""
  Stage: Stage-16
    Map Reduce Local Work
      Alias -> Map Local Tables:
        $hdt$_0:$hdt$_1:a 
          Fetch Operator
            limit: -1
      Alias -> Map Local Operator Tree:
        $hdt$_0:$hdt$_1:a 
          TableScan
            alias: a
            Statistics: Num rows: 9 Data size: 96 Basic stats: COMPLETE Column stats: NONE
            Select Operator
"              expressions: low_thr (type: int), age_grp (type: string)"
"              outputColumnNames: _col0, _col1"
              Statistics: Num rows: 9 Data size: 96 Basic stats: COMPLETE Column stats: NONE
              HashTable Sink Operator
                keys:
                  0 
                  1 
""
  Stage: Stage-4
    Map Reduce
      Map Operator Tree:
          TableScan
            Map Join Operator
              condition map:
                   Inner Join 0 to 1
              keys:
                0 
                1 
"              outputColumnNames: _col0, _col1, _col2, _col3, _col4"
              Statistics: Num rows: 1089000 Data size: 202150941 Basic stats: COMPLETE Column stats: NONE
              Filter Operator
                predicate: _col2 BETWEEN _col3 AND _col3 (type: boolean)
                Statistics: Num rows: 121000 Data size: 22461215 Basic stats: COMPLETE Column stats: NONE
                Select Operator
"                  expressions: _col0 (type: string), _col1 (type: string), _col4 (type: string), _col2 (type: bigint)"
"                  outputColumnNames: _col0, _col1, _col4, _col2"
                  Statistics: Num rows: 121000 Data size: 22461215 Basic stats: COMPLETE Column stats: NONE
                  Group By Operator
                    aggregations: count(_col2)
"                    keys: _col0 (type: string), _col1 (type: string), _col4 (type: string)"
                    mode: hash
"                    outputColumnNames: _col0, _col1, _col2, _col3"
                    Statistics: Num rows: 121000 Data size: 22461215 Basic stats: COMPLETE Column stats: NONE
                    Reduce Output Operator
"                      key expressions: _col0 (type: string), _col1 (type: string), _col2 (type: string)"
                      sort order: +++
"                      Map-reduce partition columns: _col0 (type: string), _col1 (type: string)"
                      Statistics: Num rows: 121000 Data size: 22461215 Basic stats: COMPLETE Column stats: NONE
                      value expressions: _col3 (type: bigint)
      Local Work:
        Map Reduce Local Work
      Reduce Operator Tree:
        Group By Operator
          aggregations: count(VALUE._col0)
"          keys: KEY._col0 (type: string), KEY._col1 (type: string), KEY._col2 (type: string)"
          mode: mergepartial
"          outputColumnNames: _col0, _col1, _col2, _col3"
          Statistics: Num rows: 60500 Data size: 11230607 Basic stats: COMPLETE Column stats: NONE
          Filter Operator
            predicate: (_col3 > 0) (type: boolean)
            Statistics: Num rows: 20166 Data size: 3743411 Basic stats: COMPLETE Column stats: NONE
            Select Operator
"              expressions: _col0 (type: string), _col1 (type: string), _col2 (type: string)"
"              outputColumnNames: _col0, _col1, _col2"
              Statistics: Num rows: 20166 Data size: 3743411 Basic stats: COMPLETE Column stats: NONE
              Group By Operator
                aggregations: collect_set(_col2)
"                keys: _col0 (type: string), _col1 (type: string)"
                mode: complete
"                outputColumnNames: _col0, _col1, _col2"
                Statistics: Num rows: 10083 Data size: 1871705 Basic stats: COMPLETE Column stats: NONE
                Select Operator
"                  expressions: _col0 (type: string), _col1 (type: string), concat_ws(', ', _col2) (type: string)"
"                  outputColumnNames: _col0, _col1, _col2"
                  Statistics: Num rows: 10083 Data size: 1871705 Basic stats: COMPLETE Column stats: NONE
                  File Output Operator
                    compressed: false
                    table:
                        input format: org.apache.hadoop.mapred.SequenceFileInputFormat
                        output format: org.apache.hadoop.hive.ql.io.HiveSequenceFileOutputFormat
                        serde: org.apache.hadoop.hive.serde2.lazybinary.LazyBinarySerDe
""
  Stage: Stage-5
    Map Reduce
      Map Operator Tree:
          TableScan
            Reduce Output Operator
"              key expressions: _col0 (type: string), _col1 (type: string)"
              sort order: ++
              Statistics: Num rows: 10083 Data size: 1871705 Basic stats: COMPLETE Column stats: NONE
              value expressions: _col2 (type: string)
      Reduce Operator Tree:
        Select Operator
"          expressions: KEY.reducesinkkey0 (type: string), KEY.reducesinkkey1 (type: string), VALUE._col0 (type: string)"
"          outputColumnNames: _col0, _col1, _col2"
          Statistics: Num rows: 10083 Data size: 1871705 Basic stats: COMPLETE Column stats: NONE
          File Output Operator
            compressed: false
            Statistics: Num rows: 10083 Data size: 1871705 Basic stats: COMPLETE Column stats: NONE
            table:
                input format: org.apache.hadoop.mapred.SequenceFileInputFormat
                output format: org.apache.hadoop.hive.ql.io.HiveSequenceFileOutputFormat
                serde: org.apache.hadoop.hive.serde2.lazy.LazySimpleSerDe
""
  Stage: Stage-18
    Map Reduce Local Work
      Alias -> Map Local Tables:
        $hdt$_0:$hdt$_0:$INTNAME 
          Fetch Operator
            limit: -1
      Alias -> Map Local Operator Tree:
        $hdt$_0:$hdt$_0:$INTNAME 
          TableScan
            HashTable Sink Operator
              keys:
                0 _col1 (type: string)
                1 _col0 (type: string)
""
  Stage: Stage-11
    Map Reduce
      Map Operator Tree:
          TableScan
            alias: o
            Statistics: Num rows: 100000 Data size: 13750447 Basic stats: COMPLETE Column stats: NONE
            Filter Operator
              predicate: name is not null (type: boolean)
              Statistics: Num rows: 100000 Data size: 13750447 Basic stats: COMPLETE Column stats: NONE
              Select Operator
                expressions: name (type: string)
                outputColumnNames: _col0
                Statistics: Num rows: 100000 Data size: 13750447 Basic stats: COMPLETE Column stats: NONE
                Map Join Operator
                  condition map:
                       Inner Join 0 to 1
                  keys:
                    0 _col1 (type: string)
                    1 _col0 (type: string)
"                  outputColumnNames: _col2, _col3, _col5, _col6"
                  Statistics: Num rows: 121000 Data size: 21049549 Basic stats: COMPLETE Column stats: NONE
                  Select Operator
"                    expressions: _col6 (type: string), _col3 (type: string), (UDFToInteger(months_between(_col2, _col5)) div 12) (type: bigint)"
"                    outputColumnNames: _col0, _col1, _col2"
                    Statistics: Num rows: 121000 Data size: 21049549 Basic stats: COMPLETE Column stats: NONE
                    File Output Operator
                      compressed: false
                      table:
                          input format: org.apache.hadoop.mapred.SequenceFileInputFormat
                          output format: org.apache.hadoop.hive.ql.io.HiveSequenceFileOutputFormat
                          serde: org.apache.hadoop.hive.serde2.lazybinary.LazyBinarySerDe
      Local Work:
        Map Reduce Local Work
""
  Stage: Stage-2
    Map Reduce
      Map Operator Tree:
          TableScan
            Reduce Output Operator
              key expressions: _col1 (type: string)
              sort order: +
              Map-reduce partition columns: _col1 (type: string)
              Statistics: Num rows: 110000 Data size: 19135954 Basic stats: COMPLETE Column stats: NONE
"              value expressions: _col2 (type: date), _col3 (type: string), _col5 (type: date)"
          TableScan
            alias: o
            Statistics: Num rows: 100000 Data size: 13750447 Basic stats: COMPLETE Column stats: NONE
            Filter Operator
              predicate: name is not null (type: boolean)
              Statistics: Num rows: 100000 Data size: 13750447 Basic stats: COMPLETE Column stats: NONE
              Select Operator
                expressions: name (type: string)
                outputColumnNames: _col0
                Statistics: Num rows: 100000 Data size: 13750447 Basic stats: COMPLETE Column stats: NONE
                Reduce Output Operator
                  key expressions: _col0 (type: string)
                  sort order: +
                  Map-reduce partition columns: _col0 (type: string)
                  Statistics: Num rows: 100000 Data size: 13750447 Basic stats: COMPLETE Column stats: NONE
      Reduce Operator Tree:
        Join Operator
          condition map:
               Inner Join 0 to 1
          keys:
            0 _col1 (type: string)
            1 _col0 (type: string)
"          outputColumnNames: _col2, _col3, _col5, _col6"
          Statistics: Num rows: 121000 Data size: 21049549 Basic stats: COMPLETE Column stats: NONE
          Select Operator
"            expressions: _col6 (type: string), _col3 (type: string), (UDFToInteger(months_between(_col2, _col5)) div 12) (type: bigint)"
"            outputColumnNames: _col0, _col1, _col2"
            Statistics: Num rows: 121000 Data size: 21049549 Basic stats: COMPLETE Column stats: NONE
            File Output Operator
              compressed: false
              table:
                  input format: org.apache.hadoop.mapred.SequenceFileInputFormat
                  output format: org.apache.hadoop.hive.ql.io.HiveSequenceFileOutputFormat
                  serde: org.apache.hadoop.hive.serde2.lazybinary.LazyBinarySerDe
""
  Stage: Stage-20
    Map Reduce Local Work
      Alias -> Map Local Tables:
        $hdt$_0:$hdt$_0:$hdt$_0:c 
          Fetch Operator
            limit: -1
      Alias -> Map Local Operator Tree:
        $hdt$_0:$hdt$_0:$hdt$_0:c 
          TableScan
            alias: c
            Statistics: Num rows: 100000 Data size: 17396322 Basic stats: COMPLETE Column stats: NONE
            Filter Operator
              predicate: (row_nbr is not null and company is not null) (type: boolean)
              Statistics: Num rows: 100000 Data size: 17396322 Basic stats: COMPLETE Column stats: NONE
              Select Operator
"                expressions: row_nbr (type: int), company (type: string), subscription_date (type: date), year_subs (type: string)"
"                outputColumnNames: _col0, _col1, _col2, _col3"
                Statistics: Num rows: 100000 Data size: 17396322 Basic stats: COMPLETE Column stats: NONE
                HashTable Sink Operator
                  keys:
                    0 _col0 (type: int)
                    1 _col0 (type: int)
""
  Stage: Stage-14
    Map Reduce
      Map Operator Tree:
          TableScan
            alias: p
            Statistics: Num rows: 100000 Data size: 11347555 Basic stats: COMPLETE Column stats: NONE
            Filter Operator
              predicate: row_nbr is not null (type: boolean)
              Statistics: Num rows: 100000 Data size: 11347555 Basic stats: COMPLETE Column stats: NONE
              Select Operator
"                expressions: row_nbr (type: int), date_of_birth (type: date)"
"                outputColumnNames: _col0, _col1"
                Statistics: Num rows: 100000 Data size: 11347555 Basic stats: COMPLETE Column stats: NONE
                Map Join Operator
                  condition map:
                       Inner Join 0 to 1
                  keys:
                    0 _col0 (type: int)
                    1 _col0 (type: int)
"                  outputColumnNames: _col1, _col2, _col3, _col5"
                  Statistics: Num rows: 110000 Data size: 19135954 Basic stats: COMPLETE Column stats: NONE
                  File Output Operator
                    compressed: false
                    table:
                        input format: org.apache.hadoop.mapred.SequenceFileInputFormat
                        output format: org.apache.hadoop.hive.ql.io.HiveSequenceFileOutputFormat
                        serde: org.apache.hadoop.hive.serde2.lazybinary.LazyBinarySerDe
      Local Work:
        Map Reduce Local Work
""
  Stage: Stage-1
    Map Reduce
      Map Operator Tree:
          TableScan
            alias: c
            Statistics: Num rows: 100000 Data size: 17396322 Basic stats: COMPLETE Column stats: NONE
            Filter Operator
              predicate: (row_nbr is not null and company is not null) (type: boolean)
              Statistics: Num rows: 100000 Data size: 17396322 Basic stats: COMPLETE Column stats: NONE
              Select Operator
"                expressions: row_nbr (type: int), company (type: string), subscription_date (type: date), year_subs (type: string)"
"                outputColumnNames: _col0, _col1, _col2, _col3"
                Statistics: Num rows: 100000 Data size: 17396322 Basic stats: COMPLETE Column stats: NONE
                Reduce Output Operator
                  key expressions: _col0 (type: int)
                  sort order: +
                  Map-reduce partition columns: _col0 (type: int)
                  Statistics: Num rows: 100000 Data size: 17396322 Basic stats: COMPLETE Column stats: NONE
"                  value expressions: _col1 (type: string), _col2 (type: date), _col3 (type: string)"
          TableScan
            alias: p
            Statistics: Num rows: 100000 Data size: 11347555 Basic stats: COMPLETE Column stats: NONE
            Filter Operator
              predicate: row_nbr is not null (type: boolean)
              Statistics: Num rows: 100000 Data size: 11347555 Basic stats: COMPLETE Column stats: NONE
              Select Operator
"                expressions: row_nbr (type: int), date_of_birth (type: date)"
"                outputColumnNames: _col0, _col1"
                Statistics: Num rows: 100000 Data size: 11347555 Basic stats: COMPLETE Column stats: NONE
                Reduce Output Operator
                  key expressions: _col0 (type: int)
                  sort order: +
                  Map-reduce partition columns: _col0 (type: int)
                  Statistics: Num rows: 100000 Data size: 11347555 Basic stats: COMPLETE Column stats: NONE
                  value expressions: _col1 (type: date)
      Reduce Operator Tree:
        Join Operator
          condition map:
               Inner Join 0 to 1
          keys:
            0 _col0 (type: int)
            1 _col0 (type: int)
"          outputColumnNames: _col1, _col2, _col3, _col5"
          Statistics: Num rows: 110000 Data size: 19135954 Basic stats: COMPLETE Column stats: NONE
          File Output Operator
            compressed: false
            table:
                input format: org.apache.hadoop.mapred.SequenceFileInputFormat
                output format: org.apache.hadoop.hive.ql.io.HiveSequenceFileOutputFormat
                serde: org.apache.hadoop.hive.serde2.lazybinary.LazyBinarySerDe
""
  Stage: Stage-0
    Fetch Operator
      limit: -1
      Processor Tree:
        ListSink
""
